# JRE version: OpenJDK Runtime Environment (11.0.11+9) (build 11.0.11+9-b60-7590822)
# Java VM: OpenJDK 64-Bit Server VM (11.0.11+9-b60-7590822, mixed mode, tiered, compressed oops, g1 gc, windows-amd64)
Heap:
 garbage-first heap   total 189440K, used 107324K [0x0000000080000000, 0x0000000100000000)
  region size 1024K, 22 young (22528K), 9 survivors (9216K)
 Metaspace       used 98103K, capacity 100383K, committed 100480K, reserved 1136640K
  class space    used 12627K, capacity 13495K, committed 13516K, reserved 1048576K
GC Heap History (20 events):
Event: 17.000 GC heap before
{Heap before GC invocations=11 (full 0):
 garbage-first heap   total 131072K, used 99640K [0x0000000080000000, 0x0000000100000000)
  region size 1024K, 59 young (60416K), 10 survivors (10240K)
 Metaspace       used 53959K, capacity 55312K, committed 55628K, reserved 1097728K
  class space    used 6942K, capacity 7433K, committed 7500K, reserved 1048576K
}
Event: 17.020 GC heap after
{Heap after GC invocations=12 (full 0):
 garbage-first heap   total 157696K, used 53330K [0x0000000080000000, 0x0000000100000000)
  region size 1024K, 4 young (4096K), 4 survivors (4096K)
 Metaspace       used 53959K, capacity 55312K, committed 55628K, reserved 1097728K
  class space    used 6942K, capacity 7433K, committed 7500K, reserved 1048576K
}
Event: 17.972 GC heap before
{Heap before GC invocations=12 (full 0):
 garbage-first heap   total 157696K, used 88146K [0x0000000080000000, 0x0000000100000000)
  region size 1024K, 40 young (40960K), 4 survivors (4096K)
 Metaspace       used 58797K, capacity 60151K, committed 60288K, reserved 1101824K
  class space    used 7550K, capacity 8065K, committed 8140K, reserved 1048576K
}
Event: 17.983 GC heap after
{Heap after GC invocations=13 (full 0):
 garbage-first heap   total 157696K, used 54588K [0x0000000080000000, 0x0000000100000000)
  region size 1024K, 5 young (5120K), 5 survivors (5120K)
 Metaspace       used 58797K, capacity 60151K, committed 60288K, reserved 1101824K
  class space    used 7550K, capacity 8065K, committed 8140K, reserved 1048576K
}
Event: 19.843 GC heap before
{Heap before GC invocations=14 (full 0):
 garbage-first heap   total 157696K, used 113980K [0x0000000080000000, 0x0000000100000000)
  region size 1024K, 64 young (65536K), 5 survivors (5120K)
 Metaspace       used 67012K, capacity 68513K, committed 68736K, reserved 1110016K
  class space    used 8511K, capacity 9098K, committed 9164K, reserved 1048576K
}
Event: 19.862 GC heap after
{Heap after GC invocations=15 (full 0):
 garbage-first heap   total 157696K, used 58420K [0x0000000080000000, 0x0000000100000000)
  region size 1024K, 6 young (6144K), 6 survivors (6144K)
 Metaspace       used 67012K, capacity 68513K, committed 68736K, reserved 1110016K
  class space    used 8511K, capacity 9098K, committed 9164K, reserved 1048576K
}
Event: 21.510 GC heap before
{Heap before GC invocations=16 (full 0):
 garbage-first heap   total 157696K, used 118836K [0x0000000080000000, 0x0000000100000000)
  region size 1024K, 64 young (65536K), 6 survivors (6144K)
 Metaspace       used 72477K, capacity 74032K, committed 74240K, reserved 1114112K
  class space    used 9201K, capacity 9792K, committed 9804K, reserved 1048576K
}
Event: 21.528 GC heap after
{Heap after GC invocations=17 (full 0):
 garbage-first heap   total 157696K, used 61681K [0x0000000080000000, 0x0000000100000000)
  region size 1024K, 8 young (8192K), 8 survivors (8192K)
 Metaspace       used 72477K, capacity 74032K, committed 74240K, reserved 1114112K
  class space    used 9201K, capacity 9792K, committed 9804K, reserved 1048576K
}
Event: 22.951 GC heap before
{Heap before GC invocations=17 (full 0):
 garbage-first heap   total 157696K, used 121073K [0x0000000080000000, 0x0000000100000000)
  region size 1024K, 66 young (67584K), 8 survivors (8192K)
 Metaspace       used 74904K, capacity 76658K, committed 76928K, reserved 1116160K
  class space    used 9480K, capacity 10131K, committed 10188K, reserved 1048576K
}
Event: 22.971 GC heap after
{Heap after GC invocations=18 (full 0):
 garbage-first heap   total 157696K, used 66112K [0x0000000080000000, 0x0000000100000000)
  region size 1024K, 8 young (8192K), 8 survivors (8192K)
 Metaspace       used 74904K, capacity 76658K, committed 76928K, reserved 1116160K
  class space    used 9480K, capacity 10131K, committed 10188K, reserved 1048576K
}
Event: 24.951 GC heap before
{Heap before GC invocations=18 (full 0):
 garbage-first heap   total 157696K, used 124480K [0x0000000080000000, 0x0000000100000000)
  region size 1024K, 65 young (66560K), 8 survivors (8192K)
 Metaspace       used 80997K, capacity 82858K, committed 83200K, reserved 1122304K
  class space    used 10473K, capacity 11207K, committed 11340K, reserved 1048576K
}
Event: 24.976 GC heap after
{Heap after GC invocations=19 (full 0):
 garbage-first heap   total 157696K, used 70503K [0x0000000080000000, 0x0000000100000000)
  region size 1024K, 9 young (9216K), 9 survivors (9216K)
 Metaspace       used 80997K, capacity 82858K, committed 83200K, reserved 1122304K
  class space    used 10473K, capacity 11207K, committed 11340K, reserved 1048576K
}
Event: 26.440 GC heap before
{Heap before GC invocations=19 (full 0):
 garbage-first heap   total 157696K, used 125799K [0x0000000080000000, 0x0000000100000000)
  region size 1024K, 63 young (64512K), 9 survivors (9216K)
 Metaspace       used 86879K, capacity 88824K, committed 89088K, reserved 1126400K
  class space    used 11304K, capacity 12042K, committed 12108K, reserved 1048576K
}
Event: 26.464 GC heap after
{Heap after GC invocations=20 (full 0):
 garbage-first heap   total 189440K, used 73458K [0x0000000080000000, 0x0000000100000000)
  region size 1024K, 7 young (7168K), 7 survivors (7168K)
 Metaspace       used 86879K, capacity 88824K, committed 89088K, reserved 1126400K
  class space    used 11304K, capacity 12042K, committed 12108K, reserved 1048576K
}
Event: 28.885 GC heap before
{Heap before GC invocations=20 (full 0):
 garbage-first heap   total 189440K, used 146162K [0x0000000080000000, 0x0000000100000000)
  region size 1024K, 79 young (80896K), 7 survivors (7168K)
 Metaspace       used 92101K, capacity 94345K, committed 94592K, reserved 1130496K
  class space    used 11897K, capacity 12734K, committed 12748K, reserved 1048576K
}
Event: 28.915 GC heap after
{Heap after GC invocations=21 (full 0):
 garbage-first heap   total 189440K, used 80669K [0x0000000080000000, 0x0000000100000000)
  region size 1024K, 10 young (10240K), 10 survivors (10240K)
 Metaspace       used 92101K, capacity 94345K, committed 94592K, reserved 1130496K
  class space    used 11897K, capacity 12734K, committed 12748K, reserved 1048576K
}
Event: 30.821 GC heap before
{Heap before GC invocations=21 (full 0):
 garbage-first heap   total 189440K, used 148253K [0x0000000080000000, 0x0000000100000000)
  region size 1024K, 77 young (78848K), 10 survivors (10240K)
 Metaspace       used 92738K, capacity 94994K, committed 95232K, reserved 1132544K
  class space    used 11932K, capacity 12783K, committed 12876K, reserved 1048576K
}
Event: 30.861 GC heap after
{Heap after GC invocations=22 (full 0):
 garbage-first heap   total 189440K, used 85962K [0x0000000080000000, 0x0000000100000000)
  region size 1024K, 5 young (5120K), 5 survivors (5120K)
 Metaspace       used 92738K, capacity 94994K, committed 95232K, reserved 1132544K
  class space    used 11932K, capacity 12783K, committed 12876K, reserved 1048576K
}
Event: 32.079 GC heap before
{Heap before GC invocations=22 (full 0):
 garbage-first heap   total 189440K, used 150474K [0x0000000080000000, 0x0000000100000000)
  region size 1024K, 69 young (70656K), 5 survivors (5120K)
 Metaspace       used 96368K, capacity 98605K, committed 98816K, reserved 1134592K
  class space    used 12404K, capacity 13254K, committed 13388K, reserved 1048576K
}
Event: 32.098 GC heap after
{Heap after GC invocations=23 (full 0):
 garbage-first heap   total 189440K, used 90112K [0x0000000080000000, 0x0000000100000000)
  region size 1024K, 4 young (4096K), 4 survivors (4096K)
 Metaspace       used 96368K, capacity 98605K, committed 98816K, reserved 1134592K
  class space    used 12404K, capacity 13254K, committed 13388K, reserved 1048576K
}

